app/build/intermediates/manifest_merge_blame_file/debug/processDebugMainManifest/manifest-merger-blame-debug-report.txt
1<?xml version="1.0" encoding="utf-8"?>
2<!--
3 AndroidManifest.xml defines your app's identity, permissions, and components
4     This is the corrected version that fixes all the issues
5-->
6<manifest xmlns:android="http://schemas.android.com/apk/res/android"
7    package="gr.tsambala.tutorbilling"
8    android:versionCode="1"
9    android:versionName="0.1" >
10
11    <uses-sdk
12        android:minSdkVersion="26"
13        android:targetSdkVersion="34" />
14
15    <permission
15-->[androidx.core:core:1.13.1] AndroidManifest.xml:22:5-24:47
16        android:name="gr.tsambala.tutorbilling.DYNAMIC_RECEIVER_NOT_EXPORTED_PERMISSION"
16-->[androidx.core:core:1.13.1] AndroidManifest.xml:23:9-81
17        android:protectionLevel="signature" />
17-->[androidx.core:core:1.13.1] AndroidManifest.xml:24:9-44
18
19    <uses-permission android:name="gr.tsambala.tutorbilling.DYNAMIC_RECEIVER_NOT_EXPORTED_PERMISSION" />
19-->[androidx.core:core:1.13.1] AndroidManifest.xml:26:5-97
19-->[androidx.core:core:1.13.1] AndroidManifest.xml:26:22-94
20
21    <application
21-->src\main\AndroidManifest.xml:7:5-30:19
22        android:name="gr.tsambala.tutorbilling.TutorBillingApplication"
22-->src\main\AndroidManifest.xml:8:9-48
23        android:allowBackup="true"
23-->src\main\AndroidManifest.xml:9:9-35
24        android:appComponentFactory="androidx.core.app.CoreComponentFactory"
24-->[androidx.core:core:1.13.1] AndroidManifest.xml:28:18-86
25        android:debuggable="true"
26        android:enableOnBackInvokedCallback="true"
26-->src\main\AndroidManifest.xml:15:9-51
27        android:extractNativeLibs="false"
28        android:icon="@android:drawable/sym_def_app_icon"
28-->src\main\AndroidManifest.xml:10:9-58
29        android:label="@string/app_name"
29-->src\main\AndroidManifest.xml:11:9-41
30        android:roundIcon="@android:drawable/sym_def_app_icon"
30-->src\main\AndroidManifest.xml:12:9-63
31        android:supportsRtl="true"
31-->src\main\AndroidManifest.xml:13:9-35
32        android:testOnly="true"
33        android:theme="@style/Theme.TutorBillingApp" >
33-->src\main\AndroidManifest.xml:14:9-53
34
35        <!-- MainActivity is the entry point of your app -->
36        <activity
36-->src\main\AndroidManifest.xml:19:9-28:20
37            android:name="gr.tsambala.tutorbilling.MainActivity"
37-->src\main\AndroidManifest.xml:20:13-41
38            android:exported="true"
38-->src\main\AndroidManifest.xml:21:13-36
39            android:theme="@style/Theme.TutorBillingApp" >
39-->src\main\AndroidManifest.xml:22:13-57
40
41            <!-- This intent filter makes this activity the launcher -->
42            <intent-filter>
42-->src\main\AndroidManifest.xml:24:13-27:29
43                <action android:name="android.intent.action.MAIN" />
43-->src\main\AndroidManifest.xml:25:17-69
43-->src\main\AndroidManifest.xml:25:25-66
44
45                <category android:name="android.intent.category.LAUNCHER" />
45-->src\main\AndroidManifest.xml:26:17-77
45-->src\main\AndroidManifest.xml:26:27-74
46            </intent-filter>
47        </activity>
48
49        <service
49-->[androidx.room:room-runtime:2.6.1] AndroidManifest.xml:24:9-28:63
50            android:name="androidx.room.MultiInstanceInvalidationService"
50-->[androidx.room:room-runtime:2.6.1] AndroidManifest.xml:25:13-74
51            android:directBootAware="true"
51-->[androidx.room:room-runtime:2.6.1] AndroidManifest.xml:26:13-43
52            android:exported="false" />
52-->[androidx.room:room-runtime:2.6.1] AndroidManifest.xml:27:13-37
53
54        <activity
54-->[androidx.compose.ui:ui-test-manifest:1.6.8] AndroidManifest.xml:23:9-25:39
55            android:name="androidx.activity.ComponentActivity"
55-->[androidx.compose.ui:ui-test-manifest:1.6.8] AndroidManifest.xml:24:13-63
56            android:exported="true" />
56-->[androidx.compose.ui:ui-test-manifest:1.6.8] AndroidManifest.xml:25:13-36
57        <activity
57-->[androidx.compose.ui:ui-tooling-android:1.6.8] AndroidManifest.xml:23:9-25:39
58            android:name="androidx.compose.ui.tooling.PreviewActivity"
58-->[androidx.compose.ui:ui-tooling-android:1.6.8] AndroidManifest.xml:24:13-71
59            android:exported="true" />
59-->[androidx.compose.ui:ui-tooling-android:1.6.8] AndroidManifest.xml:25:13-36
60
61        <provider
61-->[androidx.emoji2:emoji2:1.3.0] AndroidManifest.xml:24:9-32:20
62            android:name="androidx.startup.InitializationProvider"
62-->[androidx.emoji2:emoji2:1.3.0] AndroidManifest.xml:25:13-67
63            android:authorities="gr.tsambala.tutorbilling.androidx-startup"
63-->[androidx.emoji2:emoji2:1.3.0] AndroidManifest.xml:26:13-68
64            android:exported="false" >
64-->[androidx.emoji2:emoji2:1.3.0] AndroidManifest.xml:27:13-37
65            <meta-data
65-->[androidx.emoji2:emoji2:1.3.0] AndroidManifest.xml:29:13-31:52
66                android:name="androidx.emoji2.text.EmojiCompatInitializer"
66-->[androidx.emoji2:emoji2:1.3.0] AndroidManifest.xml:30:17-75
67                android:value="androidx.startup" />
67-->[androidx.emoji2:emoji2:1.3.0] AndroidManifest.xml:31:17-49
68            <meta-data
68-->[androidx.lifecycle:lifecycle-process:2.8.2] AndroidManifest.xml:29:13-31:52
69                android:name="androidx.lifecycle.ProcessLifecycleInitializer"
69-->[androidx.lifecycle:lifecycle-process:2.8.2] AndroidManifest.xml:30:17-78
70                android:value="androidx.startup" />
70-->[androidx.lifecycle:lifecycle-process:2.8.2] AndroidManifest.xml:31:17-49
71            <meta-data
71-->[androidx.profileinstaller:profileinstaller:1.3.1] AndroidManifest.xml:29:13-31:52
72                android:name="androidx.profileinstaller.ProfileInstallerInitializer"
72-->[androidx.profileinstaller:profileinstaller:1.3.1] AndroidManifest.xml:30:17-85
73                android:value="androidx.startup" />
73-->[androidx.profileinstaller:profileinstaller:1.3.1] AndroidManifest.xml:31:17-49
74        </provider>
75
76        <uses-library
76-->[androidx.window:window:1.0.0] AndroidManifest.xml:25:9-27:40
77            android:name="androidx.window.extensions"
77-->[androidx.window:window:1.0.0] AndroidManifest.xml:26:13-54
78            android:required="false" />
78-->[androidx.window:window:1.0.0] AndroidManifest.xml:27:13-37
79        <uses-library
79-->[androidx.window:window:1.0.0] AndroidManifest.xml:28:9-30:40
80            android:name="androidx.window.sidecar"
80-->[androidx.window:window:1.0.0] AndroidManifest.xml:29:13-51
81            android:required="false" />
81-->[androidx.window:window:1.0.0] AndroidManifest.xml:30:13-37
82
83        <receiver
83-->[androidx.profileinstaller:profileinstaller:1.3.1] AndroidManifest.xml:34:9-52:20
84            android:name="androidx.profileinstaller.ProfileInstallReceiver"
84-->[androidx.profileinstaller:profileinstaller:1.3.1] AndroidManifest.xml:35:13-76
85            android:directBootAware="false"
85-->[androidx.profileinstaller:profileinstaller:1.3.1] AndroidManifest.xml:36:13-44
86            android:enabled="true"
86-->[androidx.profileinstaller:profileinstaller:1.3.1] AndroidManifest.xml:37:13-35
87            android:exported="true"
87-->[androidx.profileinstaller:profileinstaller:1.3.1] AndroidManifest.xml:38:13-36
88            android:permission="android.permission.DUMP" >
88-->[androidx.profileinstaller:profileinstaller:1.3.1] AndroidManifest.xml:39:13-57
89            <intent-filter>
89-->[androidx.profileinstaller:profileinstaller:1.3.1] AndroidManifest.xml:40:13-42:29
90                <action android:name="androidx.profileinstaller.action.INSTALL_PROFILE" />
90-->[androidx.profileinstaller:profileinstaller:1.3.1] AndroidManifest.xml:41:17-91
90-->[androidx.profileinstaller:profileinstaller:1.3.1] AndroidManifest.xml:41:25-88
91            </intent-filter>
92            <intent-filter>
92-->[androidx.profileinstaller:profileinstaller:1.3.1] AndroidManifest.xml:43:13-45:29
93                <action android:name="androidx.profileinstaller.action.SKIP_FILE" />
93-->[androidx.profileinstaller:profileinstaller:1.3.1] AndroidManifest.xml:44:17-85
93-->[androidx.profileinstaller:profileinstaller:1.3.1] AndroidManifest.xml:44:25-82
94            </intent-filter>
95            <intent-filter>
95-->[androidx.profileinstaller:profileinstaller:1.3.1] AndroidManifest.xml:46:13-48:29
96                <action android:name="androidx.profileinstaller.action.SAVE_PROFILE" />
96-->[androidx.profileinstaller:profileinstaller:1.3.1] AndroidManifest.xml:47:17-88
96-->[androidx.profileinstaller:profileinstaller:1.3.1] AndroidManifest.xml:47:25-85
97            </intent-filter>
98            <intent-filter>
98-->[androidx.profileinstaller:profileinstaller:1.3.1] AndroidManifest.xml:49:13-51:29
99                <action android:name="androidx.profileinstaller.action.BENCHMARK_OPERATION" />
99-->[androidx.profileinstaller:profileinstaller:1.3.1] AndroidManifest.xml:50:17-95
99-->[androidx.profileinstaller:profileinstaller:1.3.1] AndroidManifest.xml:50:25-92
100            </intent-filter>
101        </receiver>
102    </application>
103
104</manifest>